<?xml version="1.0" encoding="UTF-8"?>
<!-- Generated by org.testng.reporters.JUnitXMLReporter -->
<testsuite hostname="DESKTOP-I2FKUVF" ignored="0" name="RetryMultipleFailedTestCases" tests="11" failures="2" timestamp="19 May 2018 14:35:46 GMT" time="0.094" errors="0">
  <testcase name="test1" time="0.016" classname="RetryLogic.RetryTestUsingIAnnotationTransformer">
    <skipped/>
  </testcase> <!-- test1 -->
  <testcase name="test1" time="0.0" classname="RetryLogic.RetryTestUsingIAnnotationTransformer">
    <skipped/>
  </testcase> <!-- test1 -->
  <testcase name="test1" time="0.0" classname="RetryLogic.RetryTestUsingIAnnotationTransformer">
    <skipped/>
  </testcase> <!-- test1 -->
  <testcase name="test1" time="0.0" classname="RetryLogic.RetryTestUsingIAnnotationTransformer">
    <skipped/>
  </testcase> <!-- test1 -->
  <testcase name="test1" time="0.0" classname="RetryLogic.RetryTestUsingIAnnotationTransformer">
    <failure type="java.lang.AssertionError" message="expected [true] but found [false]">
      <![CDATA[java.lang.AssertionError: expected [true] but found [false]
at RetryLogic.RetryTestUsingIAnnotationTransformer.test1(RetryTestUsingIAnnotationTransformer.java:12)
... Removed 31 stack frames]]>
    </failure>
  </testcase> <!-- test1 -->
  <testcase name="test2" time="0.0" classname="RetryLogic.RetryTestUsingIAnnotationTransformer">
    <skipped/>
  </testcase> <!-- test2 -->
  <testcase name="test2" time="0.0" classname="RetryLogic.RetryTestUsingIAnnotationTransformer">
    <skipped/>
  </testcase> <!-- test2 -->
  <testcase name="test2" time="0.016" classname="RetryLogic.RetryTestUsingIAnnotationTransformer">
    <skipped/>
  </testcase> <!-- test2 -->
  <testcase name="test2" time="0.0" classname="RetryLogic.RetryTestUsingIAnnotationTransformer">
    <skipped/>
  </testcase> <!-- test2 -->
  <testcase name="test2" time="0.0" classname="RetryLogic.RetryTestUsingIAnnotationTransformer">
    <failure type="java.lang.AssertionError" message="expected [true] but found [false]">
      <![CDATA[java.lang.AssertionError: expected [true] but found [false]
at RetryLogic.RetryTestUsingIAnnotationTransformer.test2(RetryTestUsingIAnnotationTransformer.java:24)
... Removed 31 stack frames]]>
    </failure>
  </testcase> <!-- test2 -->
  <testcase name="test3" time="0.016" classname="RetryLogic.RetryTestUsingIAnnotationTransformer"/>
</testsuite> <!-- RetryMultipleFailedTestCases -->
